INFO:aprslib.inet.IS:Attempting connection to localhost:10152
INFO:aprslib.inet.IS:Connected to ('::1', 10152, 0, 0)
INFO:aprslib.inet.IS:Sending login information
INFO:aprslib.inet.IS:Login successful
INFO:aprslib.inet.IS:Attempting connection to localhost:10152
INFO:aprslib.inet.IS:Connected to ('::1', 10152, 0, 0)
INFO:aprslib.inet.IS:Sending login information
INFO:aprslib.inet.IS:Login successful
INFO:dapnet:###################
INFO:aprslib.inet.IS:Attempting connection to localhost:10152
INFO:aprslib.inet.IS:Connected to ('::1', 10152, 0, 0)
INFO:aprslib.inet.IS:Sending login information
INFO:aprslib.inet.IS:Login successful
INFO:dapnet:###################
INFO:dapnet: ATTIVO PER POCSAG
INFO:dapnet:###################
INFO:dapnet:Attivo: IZ0QWM
INFO:dapnet:###################
INFO:aprslib.inet.IS:Attempting connection to localhost:10152
INFO:aprslib.inet.IS:Connected to ('::1', 10152, 0, 0)
INFO:aprslib.inet.IS:Sending login information
INFO:aprslib.inet.IS:Login successful
2018-08-06 15:45:15,994 INFO ###################
INFO:dapnet:###################
2018-08-06 15:45:15,994 INFO  ATTIVO PER POCSAG
INFO:dapnet: ATTIVO PER POCSAG
2018-08-06 15:45:15,994 INFO ###################
INFO:dapnet:###################
2018-08-06 15:45:15,994 INFO Attivo: IZ0QWM
INFO:dapnet:Attivo: IZ0QWM
2018-08-06 15:45:15,994 INFO ###################
INFO:dapnet:###################
2018-08-06 15:51:44,837 INFO ###################
2018-08-06 15:51:44,837 INFO  ATTIVO PER POCSAG
2018-08-06 15:51:44,837 INFO ###################
2018-08-06 15:51:44,838 INFO Attivo: IZ0QWM
2018-08-06 15:51:44,838 INFO ###################
2018-08-06 15:53:14,984 INFO ###################
2018-08-06 15:53:14,984 INFO  ATTIVO PER POCSAG
2018-08-06 15:53:14,984 INFO ###################
2018-08-06 15:53:14,984 INFO Attivo: IZ0QWM
2018-08-06 15:53:14,985 INFO ###################
2018-08-06 15:53:18,990 INFO -------------------------------------------
2018-08-06 15:53:18,990 INFO  MESSAGGIO APRS ----> DAPNET 
2018-08-06 15:53:18,990 INFO -------------------------------------------
2018-08-06 15:53:18,990 INFO From: IZ0QWM
2018-08-06 15:53:18,990 INFO To: IZ0QWM
2018-08-06 15:53:18,991 INFO Messaggio: testo messaggio
2018-08-06 15:53:18,995 INFO -------------------------------------------
2018-08-06 15:54:15,719 INFO ###################
2018-08-06 15:54:15,720 INFO  ATTIVO PER POCSAG
2018-08-06 15:54:15,720 INFO ###################
2018-08-06 15:54:15,720 INFO Attivo: IZ0QWM
2018-08-06 15:54:15,720 INFO ###################
2018-08-06 15:54:19,722 INFO -------------------------------------------
2018-08-06 15:54:19,723 INFO  MESSAGGIO APRS ----> DAPNET 
2018-08-06 15:54:19,723 INFO -------------------------------------------
2018-08-06 15:54:19,723 INFO From: IZ0QWM
2018-08-06 15:54:19,723 INFO To: IZ0QWM
2018-08-06 15:54:19,723 INFO Messaggio: testo messaggio
2018-08-06 15:54:19,726 INFO -------------------------------------------
2018-08-06 15:55:20,475 INFO -------------------------------------------
2018-08-06 15:55:20,476 INFO  MESSAGGIO APRS ----> DAPNET 
2018-08-06 15:55:20,476 INFO -------------------------------------------
2018-08-06 15:55:20,476 INFO From: IZ0QWM
2018-08-06 15:55:20,476 INFO To: IZ0QWM
2018-08-06 15:55:20,476 INFO Messaggio: testo messaggio
2018-08-06 15:55:20,478 INFO -------------------------------------------
2018-08-06 15:56:16,636 INFO ###################
2018-08-06 15:56:16,636 INFO  ATTIVO PER POCSAG
2018-08-06 15:56:16,636 INFO ###################
2018-08-06 15:56:16,636 INFO Attivo: IZ0QWM
2018-08-06 15:56:16,636 INFO ###################
2018-08-06 15:56:21,312 INFO -------------------------------------------
2018-08-06 15:56:21,312 INFO  MESSAGGIO APRS ----> DAPNET 
2018-08-06 15:56:21,312 INFO -------------------------------------------
2018-08-06 15:56:21,313 INFO From: IZ0QWM
2018-08-06 15:56:21,313 INFO To: IZ0QWM
2018-08-06 15:56:21,313 INFO Messaggio: testo messaggio
2018-08-06 15:56:21,315 INFO -------------------------------------------
2018-08-06 22:57:22,628 INFO -------------------------------------------
2018-08-06 22:57:22,628 INFO  MESSAGGIO APRS ----> DAPNET 
2018-08-06 22:57:22,628 INFO -------------------------------------------
2018-08-06 22:57:22,628 INFO From: IZ0QWM
2018-08-06 22:57:22,628 INFO To: IZ0QWM
2018-08-06 22:57:22,629 INFO Messaggio: testo messaggio
2018-08-06 22:57:22,631 INFO -------------------------------------------
2018-08-06 23:05:02,418 INFO ###################
2018-08-06 23:05:02,418 INFO  ATTIVO PER POCSAG
2018-08-06 23:05:02,419 INFO ###################
2018-08-06 23:05:02,419 INFO Attivo: IR0UCA-14
2018-08-06 23:05:02,420 INFO ###################
2018-08-06 23:05:02,718 INFO ###################
2018-08-06 23:05:02,718 INFO  ATTIVO PER POCSAG
2018-08-06 23:05:02,718 INFO ###################
2018-08-06 23:05:02,719 INFO Attivo: IR0UCA-14
2018-08-06 23:05:02,719 INFO ###################
2018-08-06 23:05:02,960 INFO ###################
2018-08-06 23:05:02,960 INFO  ATTIVO PER POCSAG
2018-08-06 23:05:02,960 INFO ###################
2018-08-06 23:05:02,960 INFO Attivo: IR0UCA-14
2018-08-06 23:05:02,960 INFO ###################
2018-08-06 23:05:03,321 INFO ###################
2018-08-06 23:05:03,321 INFO  ATTIVO PER POCSAG
2018-08-06 23:05:03,321 INFO ###################
2018-08-06 23:05:03,321 INFO Attivo: IR0UCA-14
2018-08-06 23:05:03,321 INFO ###################
2018-08-06 23:05:03,472 INFO ###################
2018-08-06 23:05:03,473 INFO  ATTIVO PER POCSAG
2018-08-06 23:05:03,473 INFO ###################
2018-08-06 23:05:03,473 INFO Attivo: IR0UCA-14
2018-08-06 23:05:03,473 INFO ###################
2018-08-06 23:05:04,316 INFO ###################
2018-08-06 23:05:04,317 INFO  ATTIVO PER POCSAG
2018-08-06 23:05:04,317 INFO ###################
2018-08-06 23:05:04,317 INFO Attivo: IR0UCA-14
2018-08-06 23:05:04,317 INFO ###################
2018-08-06 23:05:04,318 INFO ###################
2018-08-06 23:05:04,318 INFO  ATTIVO PER POCSAG
2018-08-06 23:05:04,318 INFO ###################
2018-08-06 23:05:04,318 INFO Attivo: IR0UCA-14
2018-08-06 23:05:04,318 INFO ###################
2018-08-06 23:05:04,558 INFO ###################
2018-08-06 23:05:04,558 INFO  ATTIVO PER POCSAG
2018-08-06 23:05:04,558 INFO ###################
2018-08-06 23:05:04,558 INFO Attivo: IR0UCA-14
2018-08-06 23:05:04,558 INFO ###################
2018-08-06 23:05:04,739 INFO ###################
2018-08-06 23:05:04,739 INFO  ATTIVO PER POCSAG
2018-08-06 23:05:04,739 INFO ###################
2018-08-06 23:05:04,739 INFO Attivo: IR0UCA-14
2018-08-06 23:05:04,739 INFO ###################
2018-08-06 23:05:05,012 INFO ###################
2018-08-06 23:05:05,012 INFO  ATTIVO PER POCSAG
2018-08-06 23:05:05,012 INFO ###################
2018-08-06 23:05:05,012 INFO Attivo: IR0UCA-14
2018-08-06 23:05:05,013 INFO ###################
2018-08-06 23:05:05,524 INFO ###################
2018-08-06 23:05:05,524 INFO  ATTIVO PER POCSAG
2018-08-06 23:05:05,524 INFO ###################
2018-08-06 23:05:05,524 INFO Attivo: IR0UCA-14
2018-08-06 23:05:05,524 INFO ###################
2018-08-06 23:05:05,765 INFO ###################
2018-08-06 23:05:05,765 INFO  ATTIVO PER POCSAG
2018-08-06 23:05:05,765 INFO ###################
2018-08-06 23:05:05,765 INFO Attivo: IR0UCA-14
2018-08-06 23:05:05,765 INFO ###################
2018-08-06 23:05:06,006 INFO ###################
2018-08-06 23:05:06,006 INFO  ATTIVO PER POCSAG
2018-08-06 23:05:06,006 INFO ###################
2018-08-06 23:05:06,006 INFO Attivo: IR0UCA-14
2018-08-06 23:05:06,006 INFO ###################
2018-08-06 23:05:06,308 INFO ###################
2018-08-06 23:05:06,308 INFO  ATTIVO PER POCSAG
2018-08-06 23:05:06,308 INFO ###################
2018-08-06 23:05:06,309 INFO Attivo: IR0UCA-14
2018-08-06 23:05:06,309 INFO ###################
2018-08-07 00:05:03,102 INFO ###################
2018-08-07 00:05:03,102 INFO  ATTIVO PER POCSAG
2018-08-07 00:05:03,102 INFO ###################
2018-08-07 00:05:03,102 INFO Attivo: IR0UCA-14
2018-08-07 00:05:03,102 INFO ###################
2018-08-07 00:05:03,346 INFO ###################
2018-08-07 00:05:03,346 INFO  ATTIVO PER POCSAG
2018-08-07 00:05:03,346 INFO ###################
2018-08-07 00:05:03,346 INFO Attivo: IR0UCA-14
2018-08-07 00:05:03,346 INFO ###################
2018-08-07 00:05:03,615 INFO ###################
2018-08-07 00:05:03,615 INFO  ATTIVO PER POCSAG
2018-08-07 00:05:03,615 INFO ###################
2018-08-07 00:05:03,615 INFO Attivo: IR0UCA-14
2018-08-07 00:05:03,615 INFO ###################
2018-08-07 00:05:04,067 INFO ###################
2018-08-07 00:05:04,067 INFO  ATTIVO PER POCSAG
2018-08-07 00:05:04,067 INFO ###################
2018-08-07 00:05:04,067 INFO Attivo: IR0UCA-14
2018-08-07 00:05:04,067 INFO ###################
2018-08-07 00:05:04,489 INFO ###################
2018-08-07 00:05:04,489 INFO  ATTIVO PER POCSAG
2018-08-07 00:05:04,490 INFO ###################
2018-08-07 00:05:04,490 INFO Attivo: IR0UCA-14
2018-08-07 00:05:04,490 INFO ###################
2018-08-07 00:05:04,609 INFO ###################
2018-08-07 00:05:04,609 INFO  ATTIVO PER POCSAG
2018-08-07 00:05:04,609 INFO ###################
2018-08-07 00:05:04,609 INFO Attivo: IR0UCA-14
2018-08-07 00:05:04,609 INFO ###################
2018-08-07 00:05:04,883 INFO ###################
2018-08-07 00:05:04,883 INFO  ATTIVO PER POCSAG
2018-08-07 00:05:04,883 INFO ###################
2018-08-07 00:05:04,883 INFO Attivo: IR0UCA-14
2018-08-07 00:05:04,884 INFO ###################
2018-08-07 00:05:05,183 INFO ###################
2018-08-07 00:05:05,183 INFO  ATTIVO PER POCSAG
2018-08-07 00:05:05,183 INFO ###################
2018-08-07 00:05:05,183 INFO Attivo: IR0UCA-14
2018-08-07 00:05:05,183 INFO ###################
2018-08-07 00:05:05,515 INFO ###################
2018-08-07 00:05:05,516 INFO  ATTIVO PER POCSAG
2018-08-07 00:05:05,516 INFO ###################
2018-08-07 00:05:05,516 INFO Attivo: IR0UCA-14
2018-08-07 00:05:05,516 INFO ###################
2018-08-07 00:05:05,757 INFO ###################
2018-08-07 00:05:05,757 INFO  ATTIVO PER POCSAG
2018-08-07 00:05:05,757 INFO ###################
2018-08-07 00:05:05,757 INFO Attivo: IR0UCA-14
2018-08-07 00:05:05,758 INFO ###################
2018-08-07 00:05:06,240 INFO ###################
2018-08-07 00:05:06,240 INFO  ATTIVO PER POCSAG
2018-08-07 00:05:06,240 INFO ###################
2018-08-07 00:05:06,240 INFO Attivo: IR0UCA-14
2018-08-07 00:05:06,241 INFO ###################
2018-08-07 00:05:06,511 INFO ###################
2018-08-07 00:05:06,511 INFO  ATTIVO PER POCSAG
2018-08-07 00:05:06,511 INFO ###################
2018-08-07 00:05:06,512 INFO Attivo: IR0UCA-14
2018-08-07 00:05:06,512 INFO ###################
2018-08-07 00:05:06,754 INFO ###################
2018-08-07 00:05:06,754 INFO  ATTIVO PER POCSAG
2018-08-07 00:05:06,755 INFO ###################
2018-08-07 00:05:06,755 INFO Attivo: IR0UCA-14
2018-08-07 00:05:06,755 INFO ###################
2018-08-07 00:05:06,964 INFO ###################
2018-08-07 00:05:06,965 INFO  ATTIVO PER POCSAG
2018-08-07 00:05:06,965 INFO ###################
2018-08-07 00:05:06,965 INFO Attivo: IR0UCA-14
2018-08-07 00:05:06,965 INFO ###################
2018-08-07 01:05:03,727 INFO ###################
2018-08-07 01:05:03,727 INFO  ATTIVO PER POCSAG
2018-08-07 01:05:03,727 INFO ###################
2018-08-07 01:05:03,727 INFO Attivo: IR0UCA-14
2018-08-07 01:05:03,727 INFO ###################
2018-08-07 01:05:04,037 INFO ###################
2018-08-07 01:05:04,037 INFO  ATTIVO PER POCSAG
2018-08-07 01:05:04,037 INFO ###################
2018-08-07 01:05:04,037 INFO Attivo: IR0UCA-14
2018-08-07 01:05:04,037 INFO ###################
2018-08-07 01:05:04,182 INFO ###################
2018-08-07 01:05:04,182 INFO  ATTIVO PER POCSAG
2018-08-07 01:05:04,182 INFO ###################
2018-08-07 01:05:04,182 INFO Attivo: IR0UCA-14
2018-08-07 01:05:04,182 INFO ###################
2018-08-07 01:05:04,452 INFO ###################
2018-08-07 01:05:04,452 INFO  ATTIVO PER POCSAG
2018-08-07 01:05:04,452 INFO ###################
2018-08-07 01:05:04,452 INFO Attivo: IR0UCA-14
2018-08-07 01:05:04,453 INFO ###################
2018-08-07 01:05:04,484 INFO ###################
2018-08-07 01:05:04,484 INFO  ATTIVO PER POCSAG
2018-08-07 01:05:04,485 INFO ###################
2018-08-07 01:05:04,485 INFO Attivo: IR0UCA-14
2018-08-07 01:05:04,485 INFO ###################
2018-08-07 01:05:05,026 INFO ###################
2018-08-07 01:05:05,026 INFO  ATTIVO PER POCSAG
2018-08-07 01:05:05,027 INFO ###################
2018-08-07 01:05:05,028 INFO Attivo: IR0UCA-14
2018-08-07 01:05:05,028 INFO ###################
2018-08-07 01:05:05,034 INFO ###################
2018-08-07 01:05:05,034 INFO  ATTIVO PER POCSAG
2018-08-07 01:05:05,035 INFO ###################
2018-08-07 01:05:05,035 INFO Attivo: IR0UCA-14
2018-08-07 01:05:05,035 INFO ###################
2018-08-07 01:05:05,296 INFO ###################
2018-08-07 01:05:05,297 INFO  ATTIVO PER POCSAG
2018-08-07 01:05:05,297 INFO ###################
2018-08-07 01:05:05,297 INFO Attivo: IR0UCA-14
2018-08-07 01:05:05,297 INFO ###################
2018-08-07 01:05:05,960 INFO ###################
2018-08-07 01:05:05,960 INFO  ATTIVO PER POCSAG
2018-08-07 01:05:05,960 INFO ###################
2018-08-07 01:05:05,960 INFO Attivo: IR0UCA-14
2018-08-07 01:05:05,960 INFO ###################
2018-08-07 01:05:05,974 INFO ###################
2018-08-07 01:05:05,974 INFO  ATTIVO PER POCSAG
2018-08-07 01:05:05,974 INFO ###################
2018-08-07 01:05:05,974 INFO Attivo: IR0UCA-14
2018-08-07 01:05:05,975 INFO ###################
2018-08-07 01:05:06,261 INFO ###################
2018-08-07 01:05:06,261 INFO  ATTIVO PER POCSAG
2018-08-07 01:05:06,261 INFO ###################
2018-08-07 01:05:06,261 INFO Attivo: IR0UCA-14
2018-08-07 01:05:06,261 INFO ###################
2018-08-07 01:05:06,593 INFO ###################
2018-08-07 01:05:06,593 INFO  ATTIVO PER POCSAG
2018-08-07 01:05:06,593 INFO ###################
2018-08-07 01:05:06,593 INFO Attivo: IR0UCA-14
2018-08-07 01:05:06,593 INFO ###################
2018-08-07 01:05:07,044 INFO ###################
2018-08-07 01:05:07,044 INFO  ATTIVO PER POCSAG
2018-08-07 01:05:07,044 INFO ###################
2018-08-07 01:05:07,044 INFO Attivo: IR0UCA-14
2018-08-07 01:05:07,045 INFO ###################
2018-08-07 01:05:07,347 INFO ###################
2018-08-07 01:05:07,347 INFO  ATTIVO PER POCSAG
2018-08-07 01:05:07,347 INFO ###################
2018-08-07 01:05:07,347 INFO Attivo: IR0UCA-14
2018-08-07 01:05:07,347 INFO ###################
2018-08-07 02:05:02,840 INFO ###################
2018-08-07 02:05:02,841 INFO  ATTIVO PER POCSAG
2018-08-07 02:05:02,841 INFO ###################
2018-08-07 02:05:02,841 INFO Attivo: IR0UCA-14
2018-08-07 02:05:02,842 INFO ###################
2018-08-07 02:05:03,112 INFO ###################
2018-08-07 02:05:03,112 INFO  ATTIVO PER POCSAG
2018-08-07 02:05:03,112 INFO ###################
2018-08-07 02:05:03,112 INFO Attivo: IR0UCA-14
2018-08-07 02:05:03,112 INFO ###################
2018-08-07 02:05:03,323 INFO ###################
2018-08-07 02:05:03,324 INFO  ATTIVO PER POCSAG
2018-08-07 02:05:03,324 INFO ###################
2018-08-07 02:05:03,324 INFO Attivo: IR0UCA-14
2018-08-07 02:05:03,324 INFO ###################
2018-08-07 02:05:03,685 INFO ###################
2018-08-07 02:05:03,685 INFO  ATTIVO PER POCSAG
2018-08-07 02:05:03,685 INFO ###################
2018-08-07 02:05:03,686 INFO Attivo: IR0UCA-14
2018-08-07 02:05:03,686 INFO ###################
2018-08-07 02:05:03,988 INFO ###################
2018-08-07 02:05:03,988 INFO  ATTIVO PER POCSAG
2018-08-07 02:05:03,988 INFO ###################
2018-08-07 02:05:03,988 INFO Attivo: IR0UCA-14
2018-08-07 02:05:03,988 INFO ###################
2018-08-07 02:05:04,230 INFO ###################
2018-08-07 02:05:04,231 INFO  ATTIVO PER POCSAG
2018-08-07 02:05:04,231 INFO ###################
2018-08-07 02:05:04,231 INFO Attivo: IR0UCA-14
2018-08-07 02:05:04,231 INFO ###################
2018-08-07 02:05:04,502 INFO ###################
2018-08-07 02:05:04,502 INFO  ATTIVO PER POCSAG
2018-08-07 02:05:04,502 INFO ###################
2018-08-07 02:05:04,503 INFO Attivo: IR0UCA-14
2018-08-07 02:05:04,503 INFO ###################
2018-08-07 02:05:05,016 INFO ###################
2018-08-07 02:05:05,016 INFO  ATTIVO PER POCSAG
2018-08-07 02:05:05,018 INFO ###################
2018-08-07 02:05:05,018 INFO Attivo: IR0UCA-14
2018-08-07 02:05:05,018 INFO ###################
2018-08-07 02:05:05,258 INFO ###################
2018-08-07 02:05:05,259 INFO  ATTIVO PER POCSAG
2018-08-07 02:05:05,259 INFO ###################
2018-08-07 02:05:05,259 INFO Attivo: IR0UCA-14
2018-08-07 02:05:05,259 INFO ###################
2018-08-07 02:05:05,409 INFO ###################
2018-08-07 02:05:05,409 INFO  ATTIVO PER POCSAG
2018-08-07 02:05:05,409 INFO ###################
2018-08-07 02:05:05,409 INFO Attivo: IR0UCA-14
2018-08-07 02:05:05,409 INFO ###################
2018-08-07 02:05:05,740 INFO ###################
2018-08-07 02:05:05,740 INFO  ATTIVO PER POCSAG
2018-08-07 02:05:05,740 INFO ###################
2018-08-07 02:05:05,740 INFO Attivo: IR0UCA-14
2018-08-07 02:05:05,740 INFO ###################
2018-08-07 02:05:06,043 INFO ###################
2018-08-07 02:05:06,044 INFO  ATTIVO PER POCSAG
2018-08-07 02:05:06,044 INFO ###################
2018-08-07 02:05:06,044 INFO Attivo: IR0UCA-14
2018-08-07 02:05:06,044 INFO ###################
2018-08-07 02:05:06,374 INFO ###################
2018-08-07 02:05:06,375 INFO  ATTIVO PER POCSAG
2018-08-07 02:05:06,375 INFO ###################
2018-08-07 02:05:06,375 INFO Attivo: IR0UCA-14
2018-08-07 02:05:06,375 INFO ###################
2018-08-07 02:05:06,799 INFO ###################
2018-08-07 02:05:06,799 INFO  ATTIVO PER POCSAG
2018-08-07 02:05:06,799 INFO ###################
2018-08-07 02:05:06,799 INFO Attivo: IR0UCA-14
2018-08-07 02:05:06,800 INFO ###################
2018-08-07 02:41:21,526 INFO ###################
2018-08-07 02:41:21,527 INFO  ATTIVO PER POCSAG
2018-08-07 02:41:21,527 INFO ###################
2018-08-07 02:41:21,527 INFO Attivo: I8ULU
2018-08-07 02:41:21,527 INFO ###################
2018-08-07 03:05:17,803 INFO ###################
2018-08-07 03:05:17,803 INFO  ATTIVO PER POCSAG
2018-08-07 03:05:17,803 INFO ###################
2018-08-07 03:05:17,803 INFO Attivo: IR0UCA-14
2018-08-07 03:05:17,803 INFO ###################
2018-08-07 03:05:18,165 INFO ###################
2018-08-07 03:05:18,165 INFO  ATTIVO PER POCSAG
2018-08-07 03:05:18,165 INFO ###################
2018-08-07 03:05:18,165 INFO Attivo: IR0UCA-14
2018-08-07 03:05:18,165 INFO ###################
2018-08-07 03:05:18,437 INFO ###################
2018-08-07 03:05:18,437 INFO  ATTIVO PER POCSAG
2018-08-07 03:05:18,437 INFO ###################
2018-08-07 03:05:18,437 INFO Attivo: IR0UCA-14
2018-08-07 03:05:18,437 INFO ###################
2018-08-07 03:05:18,678 INFO ###################
2018-08-07 03:05:18,678 INFO  ATTIVO PER POCSAG
2018-08-07 03:05:18,678 INFO ###################
2018-08-07 03:05:18,679 INFO Attivo: IR0UCA-14
2018-08-07 03:05:18,679 INFO ###################
2018-08-07 03:05:19,161 INFO ###################
2018-08-07 03:05:19,161 INFO  ATTIVO PER POCSAG
2018-08-07 03:05:19,161 INFO ###################
2018-08-07 03:05:19,161 INFO Attivo: IR0UCA-14
2018-08-07 03:05:19,161 INFO ###################
2018-08-07 03:05:19,433 INFO ###################
2018-08-07 03:05:19,433 INFO  ATTIVO PER POCSAG
2018-08-07 03:05:19,433 INFO ###################
2018-08-07 03:05:19,433 INFO Attivo: IR0UCA-14
2018-08-07 03:05:19,433 INFO ###################
2018-08-07 03:05:19,674 INFO ###################
2018-08-07 03:05:19,674 INFO  ATTIVO PER POCSAG
2018-08-07 03:05:19,674 INFO ###################
2018-08-07 03:05:19,674 INFO Attivo: IR0UCA-14
2018-08-07 03:05:19,674 INFO ###################
2018-08-07 03:05:19,916 INFO ###################
2018-08-07 03:05:19,916 INFO  ATTIVO PER POCSAG
2018-08-07 03:05:19,916 INFO ###################
2018-08-07 03:05:19,916 INFO Attivo: IR0UCA-14
2018-08-07 03:05:19,916 INFO ###################
2018-08-07 03:05:20,428 INFO ###################
2018-08-07 03:05:20,429 INFO  ATTIVO PER POCSAG
2018-08-07 03:05:20,429 INFO ###################
2018-08-07 03:05:20,429 INFO Attivo: IR0UCA-14
2018-08-07 03:05:20,429 INFO ###################
2018-08-07 03:05:20,610 INFO ###################
2018-08-07 03:05:20,610 INFO  ATTIVO PER POCSAG
2018-08-07 03:05:20,610 INFO ###################
2018-08-07 03:05:20,610 INFO Attivo: IR0UCA-14
2018-08-07 03:05:20,610 INFO ###################
2018-08-07 03:05:20,882 INFO ###################
2018-08-07 03:05:20,882 INFO  ATTIVO PER POCSAG
2018-08-07 03:05:20,882 INFO ###################
2018-08-07 03:05:20,883 INFO Attivo: IR0UCA-14
2018-08-07 03:05:20,883 INFO ###################
2018-08-07 03:05:21,214 INFO ###################
2018-08-07 03:05:21,214 INFO  ATTIVO PER POCSAG
2018-08-07 03:05:21,214 INFO ###################
2018-08-07 03:05:21,214 INFO Attivo: IR0UCA-14
2018-08-07 03:05:21,214 INFO ###################
2018-08-07 03:05:21,636 INFO ###################
2018-08-07 03:05:21,636 INFO  ATTIVO PER POCSAG
2018-08-07 03:05:21,636 INFO ###################
2018-08-07 03:05:21,636 INFO Attivo: IR0UCA-14
2018-08-07 03:05:21,637 INFO ###################
2018-08-07 03:05:21,702 INFO ###################
2018-08-07 03:05:21,703 INFO  ATTIVO PER POCSAG
2018-08-07 03:05:21,703 INFO ###################
2018-08-07 03:05:21,703 INFO Attivo: IR0UCA-14
2018-08-07 03:05:21,703 INFO ###################
2018-08-07 03:11:21,189 INFO ###################
2018-08-07 03:11:21,189 INFO  ATTIVO PER POCSAG
2018-08-07 03:11:21,190 INFO ###################
2018-08-07 03:11:21,190 INFO Attivo: I8ULU
2018-08-07 03:11:21,190 INFO ###################
2018-08-07 03:41:21,386 INFO ###################
2018-08-07 03:41:21,386 INFO  ATTIVO PER POCSAG
2018-08-07 03:41:21,386 INFO ###################
2018-08-07 03:41:21,386 INFO Attivo: I8ULU
2018-08-07 03:41:21,387 INFO ###################
2018-08-07 04:05:03,220 INFO ###################
2018-08-07 04:05:03,220 INFO  ATTIVO PER POCSAG
2018-08-07 04:05:03,220 INFO ###################
2018-08-07 04:05:03,220 INFO Attivo: IR0UCA-14
2018-08-07 04:05:03,220 INFO ###################
2018-08-07 04:05:03,645 INFO ###################
2018-08-07 04:05:03,645 INFO  ATTIVO PER POCSAG
2018-08-07 04:05:03,645 INFO ###################
2018-08-07 04:05:03,646 INFO Attivo: IR0UCA-14
2018-08-07 04:05:03,646 INFO ###################
2018-08-07 04:05:03,825 INFO ###################
2018-08-07 04:05:03,825 INFO  ATTIVO PER POCSAG
2018-08-07 04:05:03,825 INFO ###################
2018-08-07 04:05:03,825 INFO Attivo: IR0UCA-14
2018-08-07 04:05:03,825 INFO ###################
2018-08-07 04:05:04,156 INFO ###################
2018-08-07 04:05:04,156 INFO  ATTIVO PER POCSAG
2018-08-07 04:05:04,156 INFO ###################
2018-08-07 04:05:04,157 INFO Attivo: IR0UCA-14
2018-08-07 04:05:04,157 INFO ###################
2018-08-07 04:05:04,548 INFO ###################
2018-08-07 04:05:04,548 INFO  ATTIVO PER POCSAG
2018-08-07 04:05:04,548 INFO ###################
2018-08-07 04:05:04,548 INFO Attivo: IR0UCA-14
2018-08-07 04:05:04,548 INFO ###################
2018-08-07 04:05:04,729 INFO ###################
2018-08-07 04:05:04,729 INFO  ATTIVO PER POCSAG
2018-08-07 04:05:04,729 INFO ###################
2018-08-07 04:05:04,729 INFO Attivo: IR0UCA-14
2018-08-07 04:05:04,729 INFO ###################
2018-08-07 04:05:05,033 INFO ###################
2018-08-07 04:05:05,033 INFO  ATTIVO PER POCSAG
2018-08-07 04:05:05,033 INFO ###################
2018-08-07 04:05:05,033 INFO Attivo: IR0UCA-14
2018-08-07 04:05:05,034 INFO ###################
2018-08-07 04:05:05,394 INFO ###################
2018-08-07 04:05:05,394 INFO  ATTIVO PER POCSAG
2018-08-07 04:05:05,394 INFO ###################
2018-08-07 04:05:05,394 INFO Attivo: IR0UCA-14
2018-08-07 04:05:05,394 INFO ###################
2018-08-07 04:05:05,635 INFO ###################
2018-08-07 04:05:05,635 INFO  ATTIVO PER POCSAG
2018-08-07 04:05:05,635 INFO ###################
2018-08-07 04:05:05,635 INFO Attivo: IR0UCA-14
2018-08-07 04:05:05,635 INFO ###################
2018-08-07 04:05:05,997 INFO ###################
2018-08-07 04:05:05,997 INFO  ATTIVO PER POCSAG
2018-08-07 04:05:05,997 INFO ###################
2018-08-07 04:05:05,998 INFO Attivo: IR0UCA-14
2018-08-07 04:05:05,998 INFO ###################
2018-08-07 04:05:06,419 INFO ###################
2018-08-07 04:05:06,419 INFO  ATTIVO PER POCSAG
2018-08-07 04:05:06,419 INFO ###################
2018-08-07 04:05:06,419 INFO Attivo: IR0UCA-14
2018-08-07 04:05:06,420 INFO ###################
2018-08-07 04:05:06,541 INFO ###################
2018-08-07 04:05:06,541 INFO  ATTIVO PER POCSAG
2018-08-07 04:05:06,541 INFO ###################
2018-08-07 04:05:06,541 INFO Attivo: IR0UCA-14
2018-08-07 04:05:06,541 INFO ###################
2018-08-07 04:05:06,932 INFO ###################
2018-08-07 04:05:06,933 INFO  ATTIVO PER POCSAG
2018-08-07 04:05:06,933 INFO ###################
2018-08-07 04:05:06,933 INFO Attivo: IR0UCA-14
2018-08-07 04:05:06,933 INFO ###################
2018-08-07 04:05:07,144 INFO ###################
2018-08-07 04:05:07,144 INFO  ATTIVO PER POCSAG
2018-08-07 04:05:07,144 INFO ###################
2018-08-07 04:05:07,144 INFO Attivo: IR0UCA-14
2018-08-07 04:05:07,144 INFO ###################
2018-08-07 04:11:21,385 INFO ###################
2018-08-07 04:11:21,386 INFO  ATTIVO PER POCSAG
2018-08-07 04:11:21,386 INFO ###################
2018-08-07 04:11:21,386 INFO Attivo: I8ULU
2018-08-07 04:11:21,386 INFO ###################
2018-08-07 04:41:21,791 INFO ###################
2018-08-07 04:41:21,791 INFO  ATTIVO PER POCSAG
2018-08-07 04:41:21,791 INFO ###################
2018-08-07 04:41:21,791 INFO Attivo: I8ULU
2018-08-07 04:41:21,791 INFO ###################
2018-08-07 05:05:02,890 INFO ###################
2018-08-07 05:05:02,891 INFO  ATTIVO PER POCSAG
2018-08-07 05:05:02,891 INFO ###################
2018-08-07 05:05:02,891 INFO Attivo: IR0UCA-14
2018-08-07 05:05:02,892 INFO ###################
2018-08-07 05:05:03,226 INFO ###################
2018-08-07 05:05:03,226 INFO  ATTIVO PER POCSAG
2018-08-07 05:05:03,226 INFO ###################
2018-08-07 05:05:03,226 INFO Attivo: IR0UCA-14
2018-08-07 05:05:03,226 INFO ###################
2018-08-07 05:05:03,553 INFO ###################
2018-08-07 05:05:03,553 INFO  ATTIVO PER POCSAG
2018-08-07 05:05:03,554 INFO ###################
2018-08-07 05:05:03,554 INFO Attivo: IR0UCA-14
2018-08-07 05:05:03,554 INFO ###################
2018-08-07 05:05:03,764 INFO ###################
2018-08-07 05:05:03,764 INFO  ATTIVO PER POCSAG
2018-08-07 05:05:03,764 INFO ###################
2018-08-07 05:05:03,764 INFO Attivo: IR0UCA-14
2018-08-07 05:05:03,764 INFO ###################
2018-08-07 05:05:04,125 INFO ###################
2018-08-07 05:05:04,125 INFO  ATTIVO PER POCSAG
2018-08-07 05:05:04,126 INFO ###################
2018-08-07 05:05:04,126 INFO Attivo: IR0UCA-14
2018-08-07 05:05:04,126 INFO ###################
2018-08-07 05:05:04,457 INFO ###################
2018-08-07 05:05:04,457 INFO  ATTIVO PER POCSAG
2018-08-07 05:05:04,457 INFO ###################
2018-08-07 05:05:04,458 INFO Attivo: IR0UCA-14
2018-08-07 05:05:04,458 INFO ###################
2018-08-07 05:05:04,699 INFO ###################
2018-08-07 05:05:04,699 INFO  ATTIVO PER POCSAG
2018-08-07 05:05:04,699 INFO ###################
2018-08-07 05:05:04,699 INFO Attivo: IR0UCA-14
2018-08-07 05:05:04,699 INFO ###################
2018-08-07 05:05:05,002 INFO ###################
2018-08-07 05:05:05,002 INFO  ATTIVO PER POCSAG
2018-08-07 05:05:05,002 INFO ###################
2018-08-07 05:05:05,002 INFO Attivo: IR0UCA-14
2018-08-07 05:05:05,002 INFO ###################
2018-08-07 05:05:05,484 INFO ###################
2018-08-07 05:05:05,484 INFO  ATTIVO PER POCSAG
2018-08-07 05:05:05,484 INFO ###################
2018-08-07 05:05:05,484 INFO Attivo: IR0UCA-14
2018-08-07 05:05:05,484 INFO ###################
2018-08-07 05:05:05,575 INFO ###################
2018-08-07 05:05:05,575 INFO  ATTIVO PER POCSAG
2018-08-07 05:05:05,575 INFO ###################
2018-08-07 05:05:05,575 INFO Attivo: IR0UCA-14
2018-08-07 05:05:05,575 INFO ###################
2018-08-07 05:05:06,027 INFO ###################
2018-08-07 05:05:06,027 INFO  ATTIVO PER POCSAG
2018-08-07 05:05:06,027 INFO ###################
2018-08-07 05:05:06,027 INFO Attivo: IR0UCA-14
2018-08-07 05:05:06,028 INFO ###################
2018-08-07 05:05:06,268 INFO ###################
2018-08-07 05:05:06,269 INFO  ATTIVO PER POCSAG
2018-08-07 05:05:06,269 INFO ###################
2018-08-07 05:05:06,269 INFO Attivo: IR0UCA-14
2018-08-07 05:05:06,269 INFO ###################
2018-08-07 05:05:06,631 INFO ###################
2018-08-07 05:05:06,631 INFO  ATTIVO PER POCSAG
2018-08-07 05:05:06,631 INFO ###################
2018-08-07 05:05:06,631 INFO Attivo: IR0UCA-14
2018-08-07 05:05:06,631 INFO ###################
2018-08-07 05:11:21,811 INFO ###################
2018-08-07 05:11:21,811 INFO  ATTIVO PER POCSAG
2018-08-07 05:11:21,811 INFO ###################
2018-08-07 05:11:21,812 INFO Attivo: I8ULU
2018-08-07 05:11:21,812 INFO ###################
2018-08-07 05:41:22,023 INFO ###################
2018-08-07 05:41:22,023 INFO  ATTIVO PER POCSAG
2018-08-07 05:41:22,023 INFO ###################
2018-08-07 05:41:22,023 INFO Attivo: I8ULU
2018-08-07 05:41:22,023 INFO ###################
2018-08-07 06:05:02,411 INFO ###################
2018-08-07 06:05:02,411 INFO  ATTIVO PER POCSAG
2018-08-07 06:05:02,411 INFO ###################
2018-08-07 06:05:02,411 INFO Attivo: IR0UCA-14
2018-08-07 06:05:02,411 INFO ###################
2018-08-07 06:05:02,774 INFO ###################
2018-08-07 06:05:02,774 INFO  ATTIVO PER POCSAG
2018-08-07 06:05:02,774 INFO ###################
2018-08-07 06:05:02,774 INFO Attivo: IR0UCA-14
2018-08-07 06:05:02,774 INFO ###################
2018-08-07 06:05:03,076 INFO ###################
2018-08-07 06:05:03,076 INFO  ATTIVO PER POCSAG
2018-08-07 06:05:03,077 INFO ###################
2018-08-07 06:05:03,077 INFO Attivo: IR0UCA-14
2018-08-07 06:05:03,077 INFO ###################
2018-08-07 06:05:03,468 INFO ###################
2018-08-07 06:05:03,468 INFO  ATTIVO PER POCSAG
2018-08-07 06:05:03,468 INFO ###################
2018-08-07 06:05:03,468 INFO Attivo: IR0UCA-14
2018-08-07 06:05:03,468 INFO ###################
2018-08-07 06:05:03,739 INFO ###################
2018-08-07 06:05:03,739 INFO  ATTIVO PER POCSAG
2018-08-07 06:05:03,739 INFO ###################
2018-08-07 06:05:03,740 INFO Attivo: IR0UCA-14
2018-08-07 06:05:03,740 INFO ###################
2018-08-07 06:05:03,920 INFO ###################
2018-08-07 06:05:03,920 INFO  ATTIVO PER POCSAG
2018-08-07 06:05:03,920 INFO ###################
2018-08-07 06:05:03,920 INFO Attivo: IR0UCA-14
2018-08-07 06:05:03,920 INFO ###################
2018-08-07 06:05:04,223 INFO ###################
2018-08-07 06:05:04,224 INFO  ATTIVO PER POCSAG
2018-08-07 06:05:04,224 INFO ###################
2018-08-07 06:05:04,224 INFO Attivo: IR0UCA-14
2018-08-07 06:05:04,224 INFO ###################
2018-08-07 06:05:04,615 INFO ###################
2018-08-07 06:05:04,615 INFO  ATTIVO PER POCSAG
2018-08-07 06:05:04,615 INFO ###################
2018-08-07 06:05:04,615 INFO Attivo: IR0UCA-14
2018-08-07 06:05:04,615 INFO ###################
2018-08-07 06:05:04,886 INFO ###################
2018-08-07 06:05:04,886 INFO  ATTIVO PER POCSAG
2018-08-07 06:05:04,886 INFO ###################
2018-08-07 06:05:04,886 INFO Attivo: IR0UCA-14
2018-08-07 06:05:04,886 INFO ###################
2018-08-07 06:05:05,190 INFO ###################
2018-08-07 06:05:05,190 INFO  ATTIVO PER POCSAG
2018-08-07 06:05:05,191 INFO ###################
2018-08-07 06:05:05,192 INFO Attivo: IR0UCA-14
2018-08-07 06:05:05,192 INFO ###################
2018-08-07 06:05:05,490 INFO ###################
2018-08-07 06:05:05,490 INFO  ATTIVO PER POCSAG
2018-08-07 06:05:05,490 INFO ###################
2018-08-07 06:05:05,490 INFO Attivo: IR0UCA-14
2018-08-07 06:05:05,490 INFO ###################
2018-08-07 06:05:05,852 INFO ###################
2018-08-07 06:05:05,853 INFO  ATTIVO PER POCSAG
2018-08-07 06:05:05,853 INFO ###################
2018-08-07 06:05:05,853 INFO Attivo: IR0UCA-14
2018-08-07 06:05:05,853 INFO ###################
2018-08-07 06:05:06,033 INFO ###################
2018-08-07 06:05:06,033 INFO  ATTIVO PER POCSAG
2018-08-07 06:05:06,033 INFO ###################
2018-08-07 06:05:06,033 INFO Attivo: IR0UCA-14
2018-08-07 06:05:06,033 INFO ###################
2018-08-07 06:11:22,024 INFO ###################
2018-08-07 06:11:22,024 INFO  ATTIVO PER POCSAG
2018-08-07 06:11:22,024 INFO ###################
2018-08-07 06:11:22,024 INFO Attivo: I8ULU
2018-08-07 06:11:22,025 INFO ###################
2018-08-07 06:41:22,114 INFO ###################
2018-08-07 06:41:22,115 INFO  ATTIVO PER POCSAG
2018-08-07 06:41:22,115 INFO ###################
2018-08-07 06:41:22,115 INFO Attivo: I8ULU
2018-08-07 06:41:22,115 INFO ###################
2018-08-07 06:58:08,548 INFO ###################
2018-08-07 06:58:08,549 INFO  ATTIVO PER POCSAG
2018-08-07 06:58:08,549 INFO ###################
2018-08-07 06:58:08,549 INFO Attivo: IZ0QWM
2018-08-07 06:58:08,550 INFO ###################
2018-08-07 06:59:09,469 INFO ###################
2018-08-07 06:59:09,470 INFO  ATTIVO PER POCSAG
2018-08-07 06:59:09,470 INFO ###################
2018-08-07 06:59:09,470 INFO Attivo: IZ0QWM
2018-08-07 06:59:09,470 INFO ###################
2018-08-07 06:59:50,049 INFO -------------------------------------------
2018-08-07 06:59:50,050 INFO  MESSAGGIO APRS ----> DAPNET 
2018-08-07 06:59:50,050 INFO -------------------------------------------
2018-08-07 06:59:50,050 INFO From: IZ0QWM
2018-08-07 06:59:50,050 INFO To: lU7IGU
2018-08-07 06:59:50,050 INFO Messaggio: messaggio ok
2018-08-07 06:59:50,055 INFO -------------------------------------------
2018-08-07 07:03:59,688 INFO ###################
2018-08-07 07:03:59,688 INFO  ATTIVO PER POCSAG
2018-08-07 07:03:59,688 INFO ###################
2018-08-07 07:03:59,689 INFO Attivo: I8ULU
2018-08-07 07:03:59,689 INFO ###################
2018-08-07 07:05:04,455 INFO ###################
2018-08-07 07:05:04,455 INFO  ATTIVO PER POCSAG
2018-08-07 07:05:04,455 INFO ###################
2018-08-07 07:05:04,455 INFO Attivo: IR0UCA-14
2018-08-07 07:05:04,456 INFO ###################
2018-08-07 07:05:04,596 INFO ###################
2018-08-07 07:05:04,596 INFO  ATTIVO PER POCSAG
2018-08-07 07:05:04,597 INFO ###################
2018-08-07 07:05:04,597 INFO Attivo: IR0UCA-14
2018-08-07 07:05:04,597 INFO ###################
2018-08-07 07:05:04,626 INFO ###################
2018-08-07 07:05:04,626 INFO  ATTIVO PER POCSAG
2018-08-07 07:05:04,627 INFO ###################
2018-08-07 07:05:04,627 INFO Attivo: IR0UCA-14
2018-08-07 07:05:04,627 INFO ###################
2018-08-07 07:05:04,762 INFO ###################
2018-08-07 07:05:04,762 INFO  ATTIVO PER POCSAG
2018-08-07 07:05:04,762 INFO ###################
2018-08-07 07:05:04,762 INFO Attivo: IR0UCA-14
2018-08-07 07:05:04,762 INFO ###################
2018-08-07 07:05:05,154 INFO ###################
2018-08-07 07:05:05,155 INFO  ATTIVO PER POCSAG
2018-08-07 07:05:05,155 INFO ###################
2018-08-07 07:05:05,155 INFO Attivo: IR0UCA-14
2018-08-07 07:05:05,155 INFO ###################
2018-08-07 07:05:05,612 INFO ###################
2018-08-07 07:05:05,612 INFO  ATTIVO PER POCSAG
2018-08-07 07:05:05,612 INFO ###################
2018-08-07 07:05:05,612 INFO Attivo: IR0UCA-14
2018-08-07 07:05:05,612 INFO ###################
2018-08-07 07:05:05,738 INFO ###################
2018-08-07 07:05:05,738 INFO  ATTIVO PER POCSAG
2018-08-07 07:05:05,738 INFO ###################
2018-08-07 07:05:05,738 INFO Attivo: IR0UCA-14
2018-08-07 07:05:05,738 INFO ###################
2018-08-07 07:05:05,745 INFO ###################
2018-08-07 07:05:05,745 INFO  ATTIVO PER POCSAG
2018-08-07 07:05:05,745 INFO ###################
2018-08-07 07:05:05,745 INFO Attivo: IR0UCA-14
2018-08-07 07:05:05,745 INFO ###################
2018-08-07 07:05:06,248 INFO ###################
2018-08-07 07:05:06,248 INFO  ATTIVO PER POCSAG
2018-08-07 07:05:06,248 INFO ###################
2018-08-07 07:05:06,248 INFO Attivo: IR0UCA-14
2018-08-07 07:05:06,248 INFO ###################
2018-08-07 07:05:06,251 INFO ###################
2018-08-07 07:05:06,251 INFO  ATTIVO PER POCSAG
2018-08-07 07:05:06,251 INFO ###################
2018-08-07 07:05:06,252 INFO Attivo: IR0UCA-14
2018-08-07 07:05:06,252 INFO ###################
2018-08-07 07:05:06,395 INFO ###################
2018-08-07 07:05:06,395 INFO  ATTIVO PER POCSAG
2018-08-07 07:05:06,395 INFO ###################
2018-08-07 07:05:06,396 INFO Attivo: IR0UCA-14
2018-08-07 07:05:06,396 INFO ###################
2018-08-07 07:05:06,551 INFO ###################
2018-08-07 07:05:06,551 INFO  ATTIVO PER POCSAG
2018-08-07 07:05:06,551 INFO ###################
2018-08-07 07:05:06,551 INFO Attivo: IR0UCA-14
2018-08-07 07:05:06,552 INFO ###################
2018-08-07 07:05:07,182 INFO ###################
2018-08-07 07:05:07,182 INFO  ATTIVO PER POCSAG
2018-08-07 07:05:07,182 INFO ###################
2018-08-07 07:05:07,182 INFO Attivo: IR0UCA-14
2018-08-07 07:05:07,182 INFO ###################
2018-08-07 07:08:28,987 INFO ###################
2018-08-07 07:08:28,987 INFO  ATTIVO PER POCSAG
2018-08-07 07:08:28,988 INFO ###################
2018-08-07 07:08:28,988 INFO Attivo: I8ULU
2018-08-07 07:08:28,988 INFO ###################
2018-08-07 07:11:22,260 INFO ###################
2018-08-07 07:11:22,260 INFO  ATTIVO PER POCSAG
2018-08-07 07:11:22,260 INFO ###################
2018-08-07 07:11:22,260 INFO Attivo: I8ULU
2018-08-07 07:11:22,260 INFO ###################
2018-08-07 07:13:29,308 INFO ###################
2018-08-07 07:13:29,308 INFO  ATTIVO PER POCSAG
2018-08-07 07:13:29,309 INFO ###################
2018-08-07 07:13:29,309 INFO Attivo: I8ULU
2018-08-07 07:13:29,309 INFO ###################
2018-08-07 07:18:29,399 INFO ###################
2018-08-07 07:18:29,399 INFO  ATTIVO PER POCSAG
2018-08-07 07:18:29,399 INFO ###################
2018-08-07 07:18:29,399 INFO Attivo: I8ULU
2018-08-07 07:18:29,399 INFO ###################
2018-08-07 07:23:29,586 INFO ###################
2018-08-07 07:23:29,587 INFO  ATTIVO PER POCSAG
2018-08-07 07:23:29,587 INFO ###################
2018-08-07 07:23:29,587 INFO Attivo: I8ULU
2018-08-07 07:23:29,587 INFO ###################
2018-08-07 07:28:30,000 INFO ###################
2018-08-07 07:28:30,000 INFO  ATTIVO PER POCSAG
2018-08-07 07:28:30,000 INFO ###################
2018-08-07 07:28:30,000 INFO Attivo: I8ULU
2018-08-07 07:28:30,001 INFO ###################
2018-08-07 07:33:30,030 INFO ###################
2018-08-07 07:33:30,030 INFO  ATTIVO PER POCSAG
2018-08-07 07:33:30,030 INFO ###################
2018-08-07 07:33:30,030 INFO Attivo: I8ULU
2018-08-07 07:33:30,031 INFO ###################
2018-08-07 07:43:30,432 INFO ###################
2018-08-07 07:43:30,432 INFO  ATTIVO PER POCSAG
2018-08-07 07:43:30,432 INFO ###################
2018-08-07 07:43:30,432 INFO Attivo: I8ULU
2018-08-07 07:43:30,433 INFO ###################
2018-08-07 07:48:31,209 INFO ###################
2018-08-07 07:48:31,209 INFO  ATTIVO PER POCSAG
2018-08-07 07:48:31,209 INFO ###################
2018-08-07 07:48:31,209 INFO Attivo: I8ULU
2018-08-07 07:48:31,209 INFO ###################
2018-08-07 07:53:30,904 INFO ###################
2018-08-07 07:53:30,904 INFO  ATTIVO PER POCSAG
2018-08-07 07:53:30,904 INFO ###################
2018-08-07 07:53:30,904 INFO Attivo: I8ULU
2018-08-07 07:53:30,904 INFO ###################
